2013/02/18 13:13:01 DEBUG> Logging.pm:75 GCAT::Interface::Logging::logger - Expecting one argument for the configuration key.
2013/02/18 13:13:17 DEBUG> Logging.pm:75 GCAT::Interface::Logging::logger - Expecting two arguments for the key and value to set.
2013/02/18 13:19:31 INFO> Logging.pm:75 GCAT::Interface::Logging::logger - Set database to custom(150.237.245.34;evolution;Darwin;3306)
2013/02/18 13:19:34 DEBUG> Logging.pm:75 GCAT::Interface::Logging::logger - You have entered an unknown command "[A".
2013/03/04 11:37:14 INFO> Logging.pm:75 GCAT::Interface::Logging::logger - Running "get_protfam_dist".
2013/03/04 11:37:42 INFO> Logging.pm:75 GCAT::Interface::Logging::logger - Running "get_protfam_dist".
2013/03/04 11:38:36 INFO> Logging.pm:75 GCAT::Interface::Logging::logger - Running "get_protfam_dist".
2013/03/04 11:39:42 INFO> Logging.pm:75 GCAT::Interface::Logging::logger - Running "get_protfam_dist".
2013/03/04 11:43:29 INFO> Logging.pm:75 GCAT::Interface::Logging::logger - Running "get_protfam_dist".
2013/03/04 11:44:29 INFO> Logging.pm:75 GCAT::Interface::Logging::logger - Running "get_protfam_dist".
2013/03/04 11:46:20 INFO> Logging.pm:75 GCAT::Interface::Logging::logger - Running "get_protfam_dist".
2013/03/04 11:46:36 INFO> Logging.pm:75 GCAT::Interface::Logging::logger - Running "get_protfam_dist".
2013/03/04 11:46:56 INFO> Logging.pm:75 GCAT::Interface::Logging::logger - Running "get_protfam_dist".
2013/03/04 11:48:38 INFO> Logging.pm:75 GCAT::Interface::Logging::logger - Running "get_protfam_dist".
2013/03/04 11:53:14 INFO> Logging.pm:75 GCAT::Interface::Logging::logger - Running "get_protfam_dist".
2013/03/04 11:53:24 INFO> Logging.pm:75 GCAT::Interface::Logging::logger - Running "get_protfam_dist".
2013/03/04 11:53:47 INFO> Logging.pm:75 GCAT::Interface::Logging::logger - Running "get_protfam_dist".
2013/03/04 11:54:19 INFO> Logging.pm:75 GCAT::Interface::Logging::logger - Running "get_protfam_dist".
2013/03/04 11:59:26 DEBUG> Logging.pm:75 GCAT::Interface::Logging::logger - You have entered an unknown command "".
2013/03/04 11:59:26 DEBUG> Logging.pm:75 GCAT::Interface::Logging::logger - You have entered an unknown command "".
2013/03/04 11:59:39 DEBUG> Logging.pm:75 GCAT::Interface::Logging::logger - You have entered an unknown command "".
2013/03/04 11:59:43 INFO> Logging.pm:75 GCAT::Interface::Logging::logger - Running "get_protfam_dist".
2013/03/04 12:00:31 INFO> Logging.pm:75 GCAT::Interface::Logging::logger - Running "get_protfam_dist".
2013/03/04 15:14:38 DEBUG> Logging.pm:75 GCAT::Interface::Logging::logger - You cannot enter a comment line from the command interface.
2013/03/04 15:14:43 DEBUG> Logging.pm:75 GCAT::Interface::Logging::logger - You have entered an unknown command "$pm->wait_all_children;".
2013/03/04 15:14:44 INFO> Logging.pm:75 GCAT::Interface::Logging::logger - Running "get_protfam_dist".
2013/03/04 15:16:26 INFO> Logging.pm:75 GCAT::Interface::Logging::logger - Running "get_protfam_dist".
2013/03/04 15:53:25 INFO> Logging.pm:75 GCAT::Interface::Logging::logger - Starting pipeline processing
2013/03/04 15:53:25 INFO> Logging.pm:75 GCAT::Interface::Logging::logger - Processing pipeline entry 1: /Users/stevemoss/Dropbox/PhD/Research/Development/gcat/modules/GCAT/Scripts/test.pl with one two three four five
2013/03/04 15:53:25 INFO> Logging.pm:75 GCAT::Interface::Logging::logger - Processing pipeline entry 2: /Users/stevemoss/Dropbox/PhD/Research/Development/gcat/modules/GCAT/Scripts/test.pl with six seven eight nine ten
2013/03/04 15:53:25 INFO> Logging.pm:75 GCAT::Interface::Logging::logger - Processing pipeline entry 3: /Users/stevemoss/Dropbox/PhD/Research/Development/gcat/modules/GCAT/Scripts/get_exons.pl with danio_rerio gasterosteus_aculeatus oryzias_latipes takifugu_rubripes tetraodon_nigroviridis
2013/03/04 15:53:29 INFO> Logging.pm:75 GCAT::Interface::Logging::logger - Processing pipeline entry 4: /Users/stevemoss/Dropbox/PhD/Research/Development/gcat/modules/GCAT/Scripts/get_introns.pl with danio_rerio gasterosteus_aculeatus oryzias_latipes takifugu_rubripes tetraodon_nigroviridis
2013/03/04 15:53:30 INFO> Logging.pm:75 GCAT::Interface::Logging::logger - Processing pipeline entry 5: /Users/stevemoss/Dropbox/PhD/Research/Development/gcat/modules/GCAT/Scripts/basic_stats.pl with exons danio_rerio gasterosteus_aculeatus oryzias_latipes takifugu_rubripes tetraodon_nigroviridis
2013/03/04 15:53:31 INFO> Logging.pm:75 GCAT::Interface::Logging::logger - Processing pipeline entry 6: /Users/stevemoss/Dropbox/PhD/Research/Development/gcat/modules/GCAT/Scripts/basic_stats.pl with introns danio_rerio gasterosteus_aculeatus oryzias_latipes takifugu_rubripes tetraodon_nigroviridis
2013/03/04 15:53:31 INFO> Logging.pm:75 GCAT::Interface::Logging::logger - Processing pipeline entry 7: /Users/stevemoss/Dropbox/PhD/Research/Development/gcat/modules/GCAT/Scripts/advanced_stats.pl with exons danio_rerio gasterosteus_aculeatus oryzias_latipes takifugu_rubripes tetraodon_nigroviridis
2013/03/04 15:53:31 INFO> Logging.pm:75 GCAT::Interface::Logging::logger - Processing pipeline entry 8: /Users/stevemoss/Dropbox/PhD/Research/Development/gcat/modules/GCAT/Scripts/advanced_stats.pl with introns danio_rerio gasterosteus_aculeatus oryzias_latipes takifugu_rubripes tetraodon_nigroviridis
2013/03/04 15:53:31 INFO> Logging.pm:75 GCAT::Interface::Logging::logger - Finished pipeline processing
2013/03/04 15:53:38 INFO> Logging.pm:75 GCAT::Interface::Logging::logger - Starting pipeline processing
2013/03/04 15:53:38 INFO> Logging.pm:75 GCAT::Interface::Logging::logger - Processing pipeline entry 1: /Users/stevemoss/Dropbox/PhD/Research/Development/gcat/modules/GCAT/Scripts/get_protfam_dist.pl with ailuropoda_melanoleuca anolis_carolinensis bos_taurus caenorhabditis_elegans callithrix_jacchus canis_familiaris cavia_porcellus choloepus_hoffmanni ciona_intestinalis ciona_savignyi danio_rerio dasypus_novemcinctus dipodomys_ordii drosophila_melanogaster echinops_telfairi equus_caballus erinaceus_europaeus felis_catus gadus_morhua gallus_gallus gasterosteus_aculeatus gorilla_gorilla homo_sapiens ictidomys_tridecemlineatus latimeria_chalumnae loxodonta_africana macaca_mulatta macropus_eugenii meleagris_gallopavo microcebus_murinus monodelphis_domestica mus_musculus myotis_lucifugus nomascus_leucogenys ochotona_princeps oreochromis_niloticus ornithorhynchus_anatinus oryctolagus_cuniculus oryzias_latipes otolemur_garnettii pan_troglodytes pelodiscus_sinensis petromyzon_marinus pongo_abelii procavia_capensis pteropus_vampyrus rattus_norvegicus saccharomyces_cerevisiae sarcophilus_harrisii sorex_araneus sus_scrofa taeniopygia_guttata takifugu_rubripes tarsius_syrichta tetraodon_nigroviridis tupaia_belangeri tursiops_truncatus vicugna_pacos xenopus_tropicalis xiphophorus_maculatus
2013/03/04 15:53:38 INFO> Logging.pm:75 GCAT::Interface::Logging::logger - Finished pipeline processing
2013/03/04 15:53:51 INFO> Logging.pm:75 GCAT::Interface::Logging::logger - Starting pipeline processing
2013/03/04 15:53:51 INFO> Logging.pm:75 GCAT::Interface::Logging::logger - Processing pipeline entry 1: /Users/stevemoss/Dropbox/PhD/Research/Development/gcat/modules/GCAT/Scripts/test.pl with one two three four five
2013/03/04 15:53:51 INFO> Logging.pm:75 GCAT::Interface::Logging::logger - Processing pipeline entry 2: /Users/stevemoss/Dropbox/PhD/Research/Development/gcat/modules/GCAT/Scripts/test.pl with six seven eight nine ten
2013/03/04 15:53:51 INFO> Logging.pm:75 GCAT::Interface::Logging::logger - Processing pipeline entry 3: /Users/stevemoss/Dropbox/PhD/Research/Development/gcat/modules/GCAT/Scripts/get_exons.pl with danio_rerio gasterosteus_aculeatus oryzias_latipes takifugu_rubripes tetraodon_nigroviridis
2013/03/04 15:53:52 INFO> Logging.pm:75 GCAT::Interface::Logging::logger - Processing pipeline entry 4: /Users/stevemoss/Dropbox/PhD/Research/Development/gcat/modules/GCAT/Scripts/get_introns.pl with danio_rerio gasterosteus_aculeatus oryzias_latipes takifugu_rubripes tetraodon_nigroviridis
2013/03/04 15:53:52 INFO> Logging.pm:75 GCAT::Interface::Logging::logger - Processing pipeline entry 5: /Users/stevemoss/Dropbox/PhD/Research/Development/gcat/modules/GCAT/Scripts/basic_stats.pl with exons danio_rerio gasterosteus_aculeatus oryzias_latipes takifugu_rubripes tetraodon_nigroviridis
2013/03/04 15:53:52 INFO> Logging.pm:75 GCAT::Interface::Logging::logger - Processing pipeline entry 6: /Users/stevemoss/Dropbox/PhD/Research/Development/gcat/modules/GCAT/Scripts/basic_stats.pl with introns danio_rerio gasterosteus_aculeatus oryzias_latipes takifugu_rubripes tetraodon_nigroviridis
2013/03/04 15:53:53 INFO> Logging.pm:75 GCAT::Interface::Logging::logger - Processing pipeline entry 7: /Users/stevemoss/Dropbox/PhD/Research/Development/gcat/modules/GCAT/Scripts/advanced_stats.pl with exons danio_rerio gasterosteus_aculeatus oryzias_latipes takifugu_rubripes tetraodon_nigroviridis
2013/03/04 15:53:53 INFO> Logging.pm:75 GCAT::Interface::Logging::logger - Processing pipeline entry 8: /Users/stevemoss/Dropbox/PhD/Research/Development/gcat/modules/GCAT/Scripts/advanced_stats.pl with introns danio_rerio gasterosteus_aculeatus oryzias_latipes takifugu_rubripes tetraodon_nigroviridis
2013/03/04 15:53:53 INFO> Logging.pm:75 GCAT::Interface::Logging::logger - Finished pipeline processing
2013/03/04 16:03:48 INFO> Logging.pm:75 GCAT::Interface::Logging::logger - Starting pipeline processing
2013/03/04 16:03:48 INFO> Logging.pm:75 GCAT::Interface::Logging::logger - Processing pipeline entry 1: /Users/stevemoss/Dropbox/PhD/Research/Development/gcat/modules/GCAT/Scripts/get_protfam_dist.pl with ailuropoda_melanoleuca anolis_carolinensis bos_taurus caenorhabditis_elegans callithrix_jacchus canis_familiaris cavia_porcellus choloepus_hoffmanni ciona_intestinalis ciona_savignyi danio_rerio dasypus_novemcinctus dipodomys_ordii drosophila_melanogaster echinops_telfairi equus_caballus erinaceus_europaeus felis_catus gadus_morhua gallus_gallus gasterosteus_aculeatus gorilla_gorilla homo_sapiens ictidomys_tridecemlineatus latimeria_chalumnae loxodonta_africana macaca_mulatta macropus_eugenii meleagris_gallopavo microcebus_murinus monodelphis_domestica mus_musculus myotis_lucifugus nomascus_leucogenys ochotona_princeps oreochromis_niloticus ornithorhynchus_anatinus oryctolagus_cuniculus oryzias_latipes otolemur_garnettii pan_troglodytes pelodiscus_sinensis petromyzon_marinus pongo_abelii procavia_capensis pteropus_vampyrus rattus_norvegicus saccharomyces_cerevisiae sarcophilus_harrisii sorex_araneus sus_scrofa taeniopygia_guttata takifugu_rubripes tarsius_syrichta tetraodon_nigroviridis tupaia_belangeri tursiops_truncatus vicugna_pacos xenopus_tropicalis xiphophorus_maculatus
2013/03/04 16:03:57 INFO> Logging.pm:75 GCAT::Interface::Logging::logger - Finished pipeline processing
2013/03/04 16:06:36 INFO> Logging.pm:75 GCAT::Interface::Logging::logger - Starting pipeline processing
2013/03/04 16:06:36 INFO> Logging.pm:75 GCAT::Interface::Logging::logger - Processing pipeline entry 1: /Users/stevemoss/Dropbox/PhD/Research/Development/gcat/modules/GCAT/Scripts/get_protfam_dist.pl with ailuropoda_melanoleuca anolis_carolinensis bos_taurus caenorhabditis_elegans callithrix_jacchus canis_familiaris cavia_porcellus choloepus_hoffmanni ciona_intestinalis ciona_savignyi danio_rerio dasypus_novemcinctus dipodomys_ordii drosophila_melanogaster echinops_telfairi equus_caballus erinaceus_europaeus felis_catus gadus_morhua gallus_gallus gasterosteus_aculeatus gorilla_gorilla homo_sapiens ictidomys_tridecemlineatus latimeria_chalumnae loxodonta_africana macaca_mulatta macropus_eugenii meleagris_gallopavo microcebus_murinus monodelphis_domestica mus_musculus myotis_lucifugus nomascus_leucogenys ochotona_princeps oreochromis_niloticus ornithorhynchus_anatinus oryctolagus_cuniculus oryzias_latipes otolemur_garnettii pan_troglodytes pelodiscus_sinensis petromyzon_marinus pongo_abelii procavia_capensis pteropus_vampyrus rattus_norvegicus saccharomyces_cerevisiae sarcophilus_harrisii sorex_araneus sus_scrofa taeniopygia_guttata takifugu_rubripes tarsius_syrichta tetraodon_nigroviridis tupaia_belangeri tursiops_truncatus vicugna_pacos xenopus_tropicalis xiphophorus_maculatus
2013/03/04 16:06:46 INFO> Logging.pm:75 GCAT::Interface::Logging::logger - Finished pipeline processing
2013/03/04 16:07:34 INFO> Logging.pm:75 GCAT::Interface::Logging::logger - Starting pipeline processing
2013/03/04 16:07:34 INFO> Logging.pm:75 GCAT::Interface::Logging::logger - Processing pipeline entry 1: /Users/stevemoss/Dropbox/PhD/Research/Development/gcat/modules/GCAT/Scripts/get_protfam_dist.pl with ailuropoda_melanoleuca anolis_carolinensis bos_taurus caenorhabditis_elegans callithrix_jacchus canis_familiaris cavia_porcellus choloepus_hoffmanni ciona_intestinalis ciona_savignyi danio_rerio dasypus_novemcinctus dipodomys_ordii drosophila_melanogaster echinops_telfairi equus_caballus erinaceus_europaeus felis_catus gadus_morhua gallus_gallus gasterosteus_aculeatus gorilla_gorilla homo_sapiens ictidomys_tridecemlineatus latimeria_chalumnae loxodonta_africana macaca_mulatta macropus_eugenii meleagris_gallopavo microcebus_murinus monodelphis_domestica mus_musculus myotis_lucifugus nomascus_leucogenys ochotona_princeps oreochromis_niloticus ornithorhynchus_anatinus oryctolagus_cuniculus oryzias_latipes otolemur_garnettii pan_troglodytes pelodiscus_sinensis petromyzon_marinus pongo_abelii procavia_capensis pteropus_vampyrus rattus_norvegicus saccharomyces_cerevisiae sarcophilus_harrisii sorex_araneus sus_scrofa taeniopygia_guttata takifugu_rubripes tarsius_syrichta tetraodon_nigroviridis tupaia_belangeri tursiops_truncatus vicugna_pacos xenopus_tropicalis xiphophorus_maculatus
2013/03/04 16:07:53 INFO> Logging.pm:75 GCAT::Interface::Logging::logger - Finished pipeline processing
2013/03/04 16:08:37 INFO> Logging.pm:75 GCAT::Interface::Logging::logger - Starting pipeline processing
2013/03/04 16:08:37 INFO> Logging.pm:75 GCAT::Interface::Logging::logger - Processing pipeline entry 1: /Users/stevemoss/Dropbox/PhD/Research/Development/gcat/modules/GCAT/Scripts/get_protfam_dist.pl with ailuropoda_melanoleuca anolis_carolinensis bos_taurus caenorhabditis_elegans callithrix_jacchus canis_familiaris cavia_porcellus choloepus_hoffmanni ciona_intestinalis ciona_savignyi danio_rerio dasypus_novemcinctus dipodomys_ordii drosophila_melanogaster echinops_telfairi equus_caballus erinaceus_europaeus felis_catus gadus_morhua gallus_gallus gasterosteus_aculeatus gorilla_gorilla homo_sapiens ictidomys_tridecemlineatus latimeria_chalumnae loxodonta_africana macaca_mulatta macropus_eugenii meleagris_gallopavo microcebus_murinus monodelphis_domestica mus_musculus myotis_lucifugus nomascus_leucogenys ochotona_princeps oreochromis_niloticus ornithorhynchus_anatinus oryctolagus_cuniculus oryzias_latipes otolemur_garnettii pan_troglodytes pelodiscus_sinensis petromyzon_marinus pongo_abelii procavia_capensis pteropus_vampyrus rattus_norvegicus saccharomyces_cerevisiae sarcophilus_harrisii sorex_araneus sus_scrofa taeniopygia_guttata takifugu_rubripes tarsius_syrichta tetraodon_nigroviridis tupaia_belangeri tursiops_truncatus vicugna_pacos xenopus_tropicalis xiphophorus_maculatus
2013/03/04 16:08:52 INFO> Logging.pm:75 GCAT::Interface::Logging::logger - Finished pipeline processing
2013/03/04 16:11:42 INFO> Logging.pm:75 GCAT::Interface::Logging::logger - Starting pipeline processing
2013/03/04 16:11:42 INFO> Logging.pm:75 GCAT::Interface::Logging::logger - Processing pipeline entry 1: /Users/stevemoss/Dropbox/PhD/Research/Development/gcat/modules/GCAT/Scripts/test.pl with one two three four five
2013/03/04 16:11:42 INFO> Logging.pm:75 GCAT::Interface::Logging::logger - Processing pipeline entry 2: /Users/stevemoss/Dropbox/PhD/Research/Development/gcat/modules/GCAT/Scripts/test.pl with six seven eight nine ten
2013/03/04 16:11:42 INFO> Logging.pm:75 GCAT::Interface::Logging::logger - Processing pipeline entry 3: /Users/stevemoss/Dropbox/PhD/Research/Development/gcat/modules/GCAT/Scripts/get_exons.pl with danio_rerio gasterosteus_aculeatus oryzias_latipes takifugu_rubripes tetraodon_nigroviridis
2013/03/04 16:11:45 INFO> Logging.pm:75 GCAT::Interface::Logging::logger - Processing pipeline entry 4: /Users/stevemoss/Dropbox/PhD/Research/Development/gcat/modules/GCAT/Scripts/get_introns.pl with danio_rerio gasterosteus_aculeatus oryzias_latipes takifugu_rubripes tetraodon_nigroviridis
2013/03/04 16:11:45 INFO> Logging.pm:75 GCAT::Interface::Logging::logger - Processing pipeline entry 5: /Users/stevemoss/Dropbox/PhD/Research/Development/gcat/modules/GCAT/Scripts/basic_stats.pl with exons danio_rerio gasterosteus_aculeatus oryzias_latipes takifugu_rubripes tetraodon_nigroviridis
2013/03/04 16:11:45 INFO> Logging.pm:75 GCAT::Interface::Logging::logger - Processing pipeline entry 6: /Users/stevemoss/Dropbox/PhD/Research/Development/gcat/modules/GCAT/Scripts/basic_stats.pl with introns danio_rerio gasterosteus_aculeatus oryzias_latipes takifugu_rubripes tetraodon_nigroviridis
2013/03/04 16:11:46 INFO> Logging.pm:75 GCAT::Interface::Logging::logger - Processing pipeline entry 7: /Users/stevemoss/Dropbox/PhD/Research/Development/gcat/modules/GCAT/Scripts/advanced_stats.pl with exons danio_rerio gasterosteus_aculeatus oryzias_latipes takifugu_rubripes tetraodon_nigroviridis
2013/03/04 16:11:46 INFO> Logging.pm:75 GCAT::Interface::Logging::logger - Processing pipeline entry 8: /Users/stevemoss/Dropbox/PhD/Research/Development/gcat/modules/GCAT/Scripts/advanced_stats.pl with introns danio_rerio gasterosteus_aculeatus oryzias_latipes takifugu_rubripes tetraodon_nigroviridis
2013/03/04 16:11:46 INFO> Logging.pm:75 GCAT::Interface::Logging::logger - Finished pipeline processing
2013/03/04 16:16:55 INFO> Logging.pm:75 GCAT::Interface::Logging::logger - Starting pipeline processing
2013/03/04 16:16:55 INFO> Logging.pm:75 GCAT::Interface::Logging::logger - Processing pipeline entry 1: /Users/stevemoss/Dropbox/PhD/Research/Development/gcat/modules/GCAT/Scripts/test.pl with one two three four five
2013/03/04 16:16:55 INFO> Logging.pm:75 GCAT::Interface::Logging::logger - Processing pipeline entry 2: /Users/stevemoss/Dropbox/PhD/Research/Development/gcat/modules/GCAT/Scripts/test.pl with six seven eight nine ten
2013/03/04 16:16:55 INFO> Logging.pm:75 GCAT::Interface::Logging::logger - Processing pipeline entry 3: /Users/stevemoss/Dropbox/PhD/Research/Development/gcat/modules/GCAT/Scripts/get_exons.pl with danio_rerio gasterosteus_aculeatus oryzias_latipes takifugu_rubripes tetraodon_nigroviridis
2013/03/04 16:16:57 INFO> Logging.pm:75 GCAT::Interface::Logging::logger - Processing pipeline entry 4: /Users/stevemoss/Dropbox/PhD/Research/Development/gcat/modules/GCAT/Scripts/get_introns.pl with danio_rerio gasterosteus_aculeatus oryzias_latipes takifugu_rubripes tetraodon_nigroviridis
2013/03/04 16:16:59 INFO> Logging.pm:75 GCAT::Interface::Logging::logger - Processing pipeline entry 5: /Users/stevemoss/Dropbox/PhD/Research/Development/gcat/modules/GCAT/Scripts/basic_stats.pl with exons danio_rerio gasterosteus_aculeatus oryzias_latipes takifugu_rubripes tetraodon_nigroviridis
2013/03/04 16:16:59 INFO> Logging.pm:75 GCAT::Interface::Logging::logger - Processing pipeline entry 6: /Users/stevemoss/Dropbox/PhD/Research/Development/gcat/modules/GCAT/Scripts/basic_stats.pl with introns danio_rerio gasterosteus_aculeatus oryzias_latipes takifugu_rubripes tetraodon_nigroviridis
2013/03/04 16:16:59 INFO> Logging.pm:75 GCAT::Interface::Logging::logger - Processing pipeline entry 7: /Users/stevemoss/Dropbox/PhD/Research/Development/gcat/modules/GCAT/Scripts/advanced_stats.pl with exons danio_rerio gasterosteus_aculeatus oryzias_latipes takifugu_rubripes tetraodon_nigroviridis
2013/03/04 16:16:59 INFO> Logging.pm:75 GCAT::Interface::Logging::logger - Processing pipeline entry 8: /Users/stevemoss/Dropbox/PhD/Research/Development/gcat/modules/GCAT/Scripts/advanced_stats.pl with introns danio_rerio gasterosteus_aculeatus oryzias_latipes takifugu_rubripes tetraodon_nigroviridis
2013/03/04 16:16:59 INFO> Logging.pm:75 GCAT::Interface::Logging::logger - Finished pipeline processing
2013/03/04 16:25:08 INFO> Logging.pm:75 GCAT::Interface::Logging::logger - Starting pipeline processing
2013/03/04 16:25:08 INFO> Logging.pm:75 GCAT::Interface::Logging::logger - Processing pipeline entry 1: /Users/stevemoss/Dropbox/PhD/Research/Development/gcat/modules/GCAT/Scripts/test.pl with one two three four five
2013/03/04 16:25:08 INFO> Logging.pm:75 GCAT::Interface::Logging::logger - Processing pipeline entry 2: /Users/stevemoss/Dropbox/PhD/Research/Development/gcat/modules/GCAT/Scripts/test.pl with six seven eight nine ten
2013/03/04 16:25:08 INFO> Logging.pm:75 GCAT::Interface::Logging::logger - Processing pipeline entry 3: /Users/stevemoss/Dropbox/PhD/Research/Development/gcat/modules/GCAT/Scripts/get_exons.pl with danio_rerio gasterosteus_aculeatus oryzias_latipes takifugu_rubripes tetraodon_nigroviridis
2013/03/04 16:25:10 INFO> Logging.pm:75 GCAT::Interface::Logging::logger - Processing pipeline entry 4: /Users/stevemoss/Dropbox/PhD/Research/Development/gcat/modules/GCAT/Scripts/get_introns.pl with danio_rerio gasterosteus_aculeatus oryzias_latipes takifugu_rubripes tetraodon_nigroviridis
2013/03/04 16:25:11 INFO> Logging.pm:75 GCAT::Interface::Logging::logger - Processing pipeline entry 5: /Users/stevemoss/Dropbox/PhD/Research/Development/gcat/modules/GCAT/Scripts/basic_stats.pl with exons danio_rerio gasterosteus_aculeatus oryzias_latipes takifugu_rubripes tetraodon_nigroviridis
2013/03/04 16:25:11 INFO> Logging.pm:75 GCAT::Interface::Logging::logger - Processing pipeline entry 6: /Users/stevemoss/Dropbox/PhD/Research/Development/gcat/modules/GCAT/Scripts/basic_stats.pl with introns danio_rerio gasterosteus_aculeatus oryzias_latipes takifugu_rubripes tetraodon_nigroviridis
2013/03/04 16:25:12 INFO> Logging.pm:75 GCAT::Interface::Logging::logger - Processing pipeline entry 7: /Users/stevemoss/Dropbox/PhD/Research/Development/gcat/modules/GCAT/Scripts/advanced_stats.pl with exons danio_rerio gasterosteus_aculeatus oryzias_latipes takifugu_rubripes tetraodon_nigroviridis
2013/03/04 16:25:12 ERROR> Logging.pm:75 GCAT::Interface::Logging::logger - One or more of the organisms doesn't have this exons data available. Please retrieve this data for at least "danio_rerio" first.
2013/03/04 16:25:12 INFO> Logging.pm:75 GCAT::Interface::Logging::logger - Processing pipeline entry 8: /Users/stevemoss/Dropbox/PhD/Research/Development/gcat/modules/GCAT/Scripts/advanced_stats.pl with introns danio_rerio gasterosteus_aculeatus oryzias_latipes takifugu_rubripes tetraodon_nigroviridis
2013/03/04 16:25:13 INFO> Logging.pm:75 GCAT::Interface::Logging::logger - Finished pipeline processing
